2025-11-30 00:31:16,843 - INFO - 开始计算 688012 的每日PB (近5年)...
2025-11-30 00:31:16,846 - INFO - 获取净资产数据 (近5年)...
2025-11-30 00:31:16,848 - INFO - 从数据库获取净资产数据 (近5年)...
2025-11-30 00:31:16,848 - INFO - 净资产数据:
2025-11-30 00:32:46,392 - INFO - 开始计算 688012 的每日PB (近5年)...
2025-11-30 00:32:46,394 - INFO - 获取净资产数据 (近5年)...
2025-11-30 00:32:46,396 - INFO - 从数据库获取净资产数据 (近5年)...
2025-11-30 00:32:46,396 - INFO - 净资产数据:
2025-11-30 00:32:46,396 - INFO - 无法显示净资产数据，列名不匹配
2025-11-30 00:32:46,397 - INFO - 可用列名: ['report_date', 'equity', 'net_assets']
2025-11-30 00:32:46,416 - INFO - 获取股价数据 (近5年)...
2025-11-30 00:33:55,158 - INFO - 开始计算 688012 的每日PB (近5年)...
2025-11-30 00:33:55,161 - INFO - 获取净资产数据 (近5年)...
2025-11-30 00:33:55,164 - INFO - 从数据库获取净资产数据 (近5年)...
2025-11-30 00:33:55,164 - INFO - 净资产数据:
2025-11-30 00:33:55,164 - INFO - 无法显示净资产数据，列名不匹配
2025-11-30 00:33:55,164 - INFO - 可用列名: ['report_date', 'equity', 'net_assets']
2025-11-30 00:33:55,164 - INFO - 获取股价数据 (近5年)...
2025-11-30 00:33:55,166 - INFO - 从网络获取价格数据...
2025-11-30 00:33:56,046 - INFO - 股价数据已保存到数据库，共 1211 条记录 (近5年)
2025-11-30 00:33:56,362 - INFO - 总股本: 626,145,307 股
